<?xml version="1.0" encoding="UTF-8"?>
<testsuite xmlns:xsi="http://www.w3.org/2001/XMLSchema-instance" xsi:noNamespaceSchemaLocation="https://maven.apache.org/surefire/maven-surefire-plugin/xsd/surefire-test-report-3.0.xsd" version="3.0" name="za.ac.sun.cs.algos.HashTableTest" time="0.212" tests="25" errors="0" skipped="0" failures="0">
  <properties>
    <property name="java.specification.version" value="18"/>
    <property name="sun.jnu.encoding" value="UTF-8"/>
    <property name="java.class.path" value="/home/arlo/Documents/412/Assignment_1/algos-a1-24713848/target/test-classes:/home/arlo/Documents/412/Assignment_1/algos-a1-24713848/target/classes:/home/arlo/.m2/repository/org/junit/jupiter/junit-jupiter-api/5.9.2/junit-jupiter-api-5.9.2.jar:/home/arlo/.m2/repository/org/opentest4j/opentest4j/1.2.0/opentest4j-1.2.0.jar:/home/arlo/.m2/repository/org/junit/platform/junit-platform-commons/1.9.2/junit-platform-commons-1.9.2.jar:/home/arlo/.m2/repository/org/apiguardian/apiguardian-api/1.1.2/apiguardian-api-1.1.2.jar:/home/arlo/.m2/repository/org/junit/jupiter/junit-jupiter-engine/5.9.2/junit-jupiter-engine-5.9.2.jar:/home/arlo/.m2/repository/org/junit/platform/junit-platform-engine/1.9.2/junit-platform-engine-1.9.2.jar:"/>
    <property name="java.vm.vendor" value="Private Build"/>
    <property name="sun.arch.data.model" value="64"/>
    <property name="java.vendor.url" value="Unknown"/>
    <property name="os.name" value="Linux"/>
    <property name="java.vm.specification.version" value="18"/>
    <property name="sun.java.launcher" value="SUN_STANDARD"/>
    <property name="user.country" value="ZA"/>
    <property name="sun.boot.library.path" value="/usr/lib/jvm/java-18-openjdk-amd64/lib"/>
    <property name="sun.java.command" value="/home/arlo/Documents/412/Assignment_1/algos-a1-24713848/target/surefire/surefirebooter-20250314122108909_3.jar /home/arlo/Documents/412/Assignment_1/algos-a1-24713848/target/surefire 2025-03-14T12-21-08_004-jvmRun1 surefire-20250314122108909_1tmp surefire_0-20250314122108909_2tmp"/>
    <property name="jdk.debug" value="release"/>
    <property name="surefire.test.class.path" value="/home/arlo/Documents/412/Assignment_1/algos-a1-24713848/target/test-classes:/home/arlo/Documents/412/Assignment_1/algos-a1-24713848/target/classes:/home/arlo/.m2/repository/org/junit/jupiter/junit-jupiter-api/5.9.2/junit-jupiter-api-5.9.2.jar:/home/arlo/.m2/repository/org/opentest4j/opentest4j/1.2.0/opentest4j-1.2.0.jar:/home/arlo/.m2/repository/org/junit/platform/junit-platform-commons/1.9.2/junit-platform-commons-1.9.2.jar:/home/arlo/.m2/repository/org/apiguardian/apiguardian-api/1.1.2/apiguardian-api-1.1.2.jar:/home/arlo/.m2/repository/org/junit/jupiter/junit-jupiter-engine/5.9.2/junit-jupiter-engine-5.9.2.jar:/home/arlo/.m2/repository/org/junit/platform/junit-platform-engine/1.9.2/junit-platform-engine-1.9.2.jar:"/>
    <property name="sun.cpu.endian" value="little"/>
    <property name="user.home" value="/home/arlo"/>
    <property name="user.language" value="en"/>
    <property name="java.specification.vendor" value="Oracle Corporation"/>
    <property name="java.version.date" value="2022-07-19"/>
    <property name="java.home" value="/usr/lib/jvm/java-18-openjdk-amd64"/>
    <property name="file.separator" value="/"/>
    <property name="basedir" value="/home/arlo/Documents/412/Assignment_1/algos-a1-24713848"/>
    <property name="java.vm.compressedOopsMode" value="Zero based"/>
    <property name="line.separator" value="&#10;"/>
    <property name="java.vm.specification.vendor" value="Oracle Corporation"/>
    <property name="java.specification.name" value="Java Platform API Specification"/>
    <property name="surefire.real.class.path" value="/home/arlo/Documents/412/Assignment_1/algos-a1-24713848/target/surefire/surefirebooter-20250314122108909_3.jar"/>
    <property name="sun.management.compiler" value="HotSpot 64-Bit Tiered Compilers"/>
    <property name="java.runtime.version" value="18.0.2-ea+9-Ubuntu-222.04"/>
    <property name="user.name" value="arlo"/>
    <property name="path.separator" value=":"/>
    <property name="os.version" value="6.8.0-52-generic"/>
    <property name="java.runtime.name" value="OpenJDK Runtime Environment"/>
    <property name="file.encoding" value="UTF-8"/>
    <property name="java.vm.name" value="OpenJDK 64-Bit Server VM"/>
    <property name="localRepository" value="/home/arlo/.m2/repository"/>
    <property name="java.vendor.url.bug" value="Unknown"/>
    <property name="java.io.tmpdir" value="/tmp"/>
    <property name="java.version" value="18.0.2-ea"/>
    <property name="user.dir" value="/home/arlo/Documents/412/Assignment_1/algos-a1-24713848"/>
    <property name="os.arch" value="amd64"/>
    <property name="java.vm.specification.name" value="Java Virtual Machine Specification"/>
    <property name="native.encoding" value="UTF-8"/>
    <property name="java.library.path" value="/usr/java/packages/lib:/usr/lib/x86_64-linux-gnu/jni:/lib/x86_64-linux-gnu:/usr/lib/x86_64-linux-gnu:/usr/lib/jni:/lib:/usr/lib"/>
    <property name="java.vm.info" value="mixed mode, sharing"/>
    <property name="java.vendor" value="Private Build"/>
    <property name="java.vm.version" value="18.0.2-ea+9-Ubuntu-222.04"/>
    <property name="sun.io.unicode.encoding" value="UnicodeLittle"/>
    <property name="java.class.version" value="62.0"/>
  </properties>
  <testcase name="testInsertExistingNull" classname="za.ac.sun.cs.algos.HashTableTest" time="0.085"/>
  <testcase name="testRemoveExistingElement" classname="za.ac.sun.cs.algos.HashTableTest" time="0.003"/>
  <testcase name="testIteratorValues" classname="za.ac.sun.cs.algos.HashTableTest" time="0.004"/>
  <testcase name="testEmpty" classname="za.ac.sun.cs.algos.HashTableTest" time="0.002"/>
  <testcase name="testNullInTableWithoutAddition" classname="za.ac.sun.cs.algos.HashTableTest" time="0.001"/>
  <testcase name="testInsertExisitngElements" classname="za.ac.sun.cs.algos.HashTableTest" time="0.002"/>
  <testcase name="testFindingNullValue" classname="za.ac.sun.cs.algos.HashTableTest" time="0.001"/>
  <testcase name="testInsertElementOnSameIndex" classname="za.ac.sun.cs.algos.HashTableTest" time="0.002"/>
  <testcase name="testInsertMultipleElements" classname="za.ac.sun.cs.algos.HashTableTest" time="0.002"/>
  <testcase name="testRemoveElementOnSameIndex" classname="za.ac.sun.cs.algos.HashTableTest" time="0.001"/>
  <testcase name="testGetNANValues" classname="za.ac.sun.cs.algos.HashTableTest" time="0.002"/>
  <testcase name="testMultipleAdditionAndRemoval" classname="za.ac.sun.cs.algos.HashTableTest" time="0.001"/>
  <testcase name="testInsertNull" classname="za.ac.sun.cs.algos.HashTableTest" time="0.001"/>
  <testcase name="testValueInTableWithoutAddition" classname="za.ac.sun.cs.algos.HashTableTest" time="0.001"/>
  <testcase name="testInsertMultipleElementsAndFindValues" classname="za.ac.sun.cs.algos.HashTableTest" time="0.001"/>
  <testcase name="testRemoveRootElementOnSameIndex" classname="za.ac.sun.cs.algos.HashTableTest" time="0.002"/>
  <testcase name="testGetValues" classname="za.ac.sun.cs.algos.HashTableTest" time="0.001"/>
  <testcase name="testIteratorEntries" classname="za.ac.sun.cs.algos.HashTableTest" time="0.006"/>
  <testcase name="testIteratorKeys" classname="za.ac.sun.cs.algos.HashTableTest" time="0.004"/>
  <testcase name="testRemoveMoreElementOnSameIndex" classname="za.ac.sun.cs.algos.HashTableTest" time="0.001"/>
  <testcase name="testInsertOneElement" classname="za.ac.sun.cs.algos.HashTableTest" time="0.002"/>
  <testcase name="testGetNullKeyValue" classname="za.ac.sun.cs.algos.HashTableTest" time="0.001"/>
  <testcase name="testResizeOfTable" classname="za.ac.sun.cs.algos.HashTableTest" time="0.002"/>
  <testcase name="testRemoveNonExistingElement" classname="za.ac.sun.cs.algos.HashTableTest" time="0.001"/>
  <testcase name="testInsertMultipleElementsAndFindNANValues" classname="za.ac.sun.cs.algos.HashTableTest" time="0.002"/>
</testsuite>