<?xml version="1.0" encoding="UTF-8"?>
<testsuite xmlns:xsi="http://www.w3.org/2001/XMLSchema-instance" xsi:noNamespaceSchemaLocation="https://maven.apache.org/surefire/maven-surefire-plugin/xsd/surefire-test-report-3.0.xsd" version="3.0" name="za.ac.sun.cs.algos.LinkedListTest" time="0.231" tests="42" errors="0" skipped="0" failures="0">
  <properties>
    <property name="java.specification.version" value="18"/>
    <property name="sun.jnu.encoding" value="UTF-8"/>
    <property name="java.class.path" value="/home/arlo/Documents/412/Assignment_1/algos-a1-24713848/target/test-classes:/home/arlo/Documents/412/Assignment_1/algos-a1-24713848/target/classes:/home/arlo/.m2/repository/org/junit/jupiter/junit-jupiter-api/5.9.2/junit-jupiter-api-5.9.2.jar:/home/arlo/.m2/repository/org/opentest4j/opentest4j/1.2.0/opentest4j-1.2.0.jar:/home/arlo/.m2/repository/org/junit/platform/junit-platform-commons/1.9.2/junit-platform-commons-1.9.2.jar:/home/arlo/.m2/repository/org/apiguardian/apiguardian-api/1.1.2/apiguardian-api-1.1.2.jar:/home/arlo/.m2/repository/org/junit/jupiter/junit-jupiter-engine/5.9.2/junit-jupiter-engine-5.9.2.jar:/home/arlo/.m2/repository/org/junit/platform/junit-platform-engine/1.9.2/junit-platform-engine-1.9.2.jar:"/>
    <property name="java.vm.vendor" value="Private Build"/>
    <property name="sun.arch.data.model" value="64"/>
    <property name="java.vendor.url" value="Unknown"/>
    <property name="os.name" value="Linux"/>
    <property name="java.vm.specification.version" value="18"/>
    <property name="sun.java.launcher" value="SUN_STANDARD"/>
    <property name="user.country" value="ZA"/>
    <property name="sun.boot.library.path" value="/usr/lib/jvm/java-18-openjdk-amd64/lib"/>
    <property name="sun.java.command" value="/home/arlo/Documents/412/Assignment_1/algos-a1-24713848/target/surefire/surefirebooter-20250314122108909_3.jar /home/arlo/Documents/412/Assignment_1/algos-a1-24713848/target/surefire 2025-03-14T12-21-08_004-jvmRun1 surefire-20250314122108909_1tmp surefire_0-20250314122108909_2tmp"/>
    <property name="jdk.debug" value="release"/>
    <property name="surefire.test.class.path" value="/home/arlo/Documents/412/Assignment_1/algos-a1-24713848/target/test-classes:/home/arlo/Documents/412/Assignment_1/algos-a1-24713848/target/classes:/home/arlo/.m2/repository/org/junit/jupiter/junit-jupiter-api/5.9.2/junit-jupiter-api-5.9.2.jar:/home/arlo/.m2/repository/org/opentest4j/opentest4j/1.2.0/opentest4j-1.2.0.jar:/home/arlo/.m2/repository/org/junit/platform/junit-platform-commons/1.9.2/junit-platform-commons-1.9.2.jar:/home/arlo/.m2/repository/org/apiguardian/apiguardian-api/1.1.2/apiguardian-api-1.1.2.jar:/home/arlo/.m2/repository/org/junit/jupiter/junit-jupiter-engine/5.9.2/junit-jupiter-engine-5.9.2.jar:/home/arlo/.m2/repository/org/junit/platform/junit-platform-engine/1.9.2/junit-platform-engine-1.9.2.jar:"/>
    <property name="sun.cpu.endian" value="little"/>
    <property name="user.home" value="/home/arlo"/>
    <property name="user.language" value="en"/>
    <property name="java.specification.vendor" value="Oracle Corporation"/>
    <property name="java.version.date" value="2022-07-19"/>
    <property name="java.home" value="/usr/lib/jvm/java-18-openjdk-amd64"/>
    <property name="file.separator" value="/"/>
    <property name="basedir" value="/home/arlo/Documents/412/Assignment_1/algos-a1-24713848"/>
    <property name="java.vm.compressedOopsMode" value="Zero based"/>
    <property name="line.separator" value="&#10;"/>
    <property name="java.vm.specification.vendor" value="Oracle Corporation"/>
    <property name="java.specification.name" value="Java Platform API Specification"/>
    <property name="surefire.real.class.path" value="/home/arlo/Documents/412/Assignment_1/algos-a1-24713848/target/surefire/surefirebooter-20250314122108909_3.jar"/>
    <property name="sun.management.compiler" value="HotSpot 64-Bit Tiered Compilers"/>
    <property name="java.runtime.version" value="18.0.2-ea+9-Ubuntu-222.04"/>
    <property name="user.name" value="arlo"/>
    <property name="path.separator" value=":"/>
    <property name="os.version" value="6.8.0-52-generic"/>
    <property name="java.runtime.name" value="OpenJDK Runtime Environment"/>
    <property name="file.encoding" value="UTF-8"/>
    <property name="java.vm.name" value="OpenJDK 64-Bit Server VM"/>
    <property name="localRepository" value="/home/arlo/.m2/repository"/>
    <property name="java.vendor.url.bug" value="Unknown"/>
    <property name="java.io.tmpdir" value="/tmp"/>
    <property name="java.version" value="18.0.2-ea"/>
    <property name="user.dir" value="/home/arlo/Documents/412/Assignment_1/algos-a1-24713848"/>
    <property name="os.arch" value="amd64"/>
    <property name="java.vm.specification.name" value="Java Virtual Machine Specification"/>
    <property name="native.encoding" value="UTF-8"/>
    <property name="java.library.path" value="/usr/java/packages/lib:/usr/lib/x86_64-linux-gnu/jni:/lib/x86_64-linux-gnu:/usr/lib/x86_64-linux-gnu:/usr/lib/jni:/lib:/usr/lib"/>
    <property name="java.vm.info" value="mixed mode, sharing"/>
    <property name="java.vendor" value="Private Build"/>
    <property name="java.vm.version" value="18.0.2-ea+9-Ubuntu-222.04"/>
    <property name="sun.io.unicode.encoding" value="UnicodeLittle"/>
    <property name="java.class.version" value="62.0"/>
  </properties>
  <testcase name="testEmptyConstructor" classname="za.ac.sun.cs.algos.LinkedListTest" time="0.002">
    <system-out><![CDATA[( -empty- )
]]></system-out>
  </testcase>
  <testcase name="testEmptyArray" classname="za.ac.sun.cs.algos.LinkedListTest" time="0.002"/>
  <testcase name="testDoesNotContainsString" classname="za.ac.sun.cs.algos.LinkedListTest" time="0.002">
    <system-out><![CDATA[(Hello, World, !!!)
]]></system-out>
  </testcase>
  <testcase name="testRemoveOnlyElementLast" classname="za.ac.sun.cs.algos.LinkedListTest" time="0.003">
    <system-out><![CDATA[( -empty- )
]]></system-out>
  </testcase>
  <testcase name="testContainsString" classname="za.ac.sun.cs.algos.LinkedListTest" time="0.007">
    <system-out><![CDATA[(Hello, World, !!!)
]]></system-out>
  </testcase>
  <testcase name="testArrayConstructorOneElement" classname="za.ac.sun.cs.algos.LinkedListTest" time="0.004">
    <system-out><![CDATA[(1)
]]></system-out>
  </testcase>
  <testcase name="testToArray" classname="za.ac.sun.cs.algos.LinkedListTest" time="0.001">
    <system-out><![CDATA[[1, 2, 3]
]]></system-out>
  </testcase>
  <testcase name="testOnlyNull" classname="za.ac.sun.cs.algos.LinkedListTest" time="0.002">
    <system-out><![CDATA[(null)
]]></system-out>
  </testcase>
  <testcase name="testToArrayWithLeadingNull" classname="za.ac.sun.cs.algos.LinkedListTest" time="0.002">
    <system-out><![CDATA[[null, 1, 2, 3]
]]></system-out>
  </testcase>
  <testcase name="testFirst" classname="za.ac.sun.cs.algos.LinkedListTest" time="0.003">
    <system-out><![CDATA[(1, 3, 5, 99)
]]></system-out>
  </testcase>
  <testcase name="testAllNullArray" classname="za.ac.sun.cs.algos.LinkedListTest" time="0.002"/>
  <testcase name="testLast" classname="za.ac.sun.cs.algos.LinkedListTest" time="0.005">
    <system-out><![CDATA[(1, 3, 5, 99)
]]></system-out>
  </testcase>
  <testcase name="testContainsNull" classname="za.ac.sun.cs.algos.LinkedListTest" time="0.004">
    <system-out><![CDATA[(Hello, World, null)
]]></system-out>
  </testcase>
  <testcase name="testIteratorTraversal" classname="za.ac.sun.cs.algos.LinkedListTest" time="0.002"/>
  <testcase name="testRemoveFirstElement" classname="za.ac.sun.cs.algos.LinkedListTest" time="0.002">
    <system-out><![CDATA[(22, 33, 44)
]]></system-out>
  </testcase>
  <testcase name="testLastNull" classname="za.ac.sun.cs.algos.LinkedListTest" time="0.001">
    <system-out><![CDATA[(1, 2, null)
]]></system-out>
  </testcase>
  <testcase name="testArrayConstructor" classname="za.ac.sun.cs.algos.LinkedListTest" time="0.002">
    <system-out><![CDATA[(1, 2, 3)
]]></system-out>
  </testcase>
  <testcase name="testAddAfter" classname="za.ac.sun.cs.algos.LinkedListTest" time="0.004">
    <system-out><![CDATA[(1, 3, 7, 5)
]]></system-out>
  </testcase>
  <testcase name="testRemoveFirstEmptyListElement" classname="za.ac.sun.cs.algos.LinkedListTest" time="0.003"/>
  <testcase name="testRemoveLastElement" classname="za.ac.sun.cs.algos.LinkedListTest" time="0.006">
    <system-out><![CDATA[(11, 22, 33)
]]></system-out>
  </testcase>
  <testcase name="testRemoveLastNull" classname="za.ac.sun.cs.algos.LinkedListTest" time="0.004">
    <system-out><![CDATA[(11, 22, 33, 44)
]]></system-out>
  </testcase>
  <testcase name="testAddToFront" classname="za.ac.sun.cs.algos.LinkedListTest" time="0.002">
    <system-out><![CDATA[(7, 1, 3, 5)
]]></system-out>
  </testcase>
  <testcase name="testRemoveElementNull" classname="za.ac.sun.cs.algos.LinkedListTest" time="0.003">
    <system-out><![CDATA[(1, 2, 3, 4)
]]></system-out>
  </testcase>
  <testcase name="testRemoveOnlyElement" classname="za.ac.sun.cs.algos.LinkedListTest" time="0.002">
    <system-out><![CDATA[( -empty- )
]]></system-out>
  </testcase>
  <testcase name="testRemoveEmptyList" classname="za.ac.sun.cs.algos.LinkedListTest" time="0.002"/>
  <testcase name="testRemoveLastEmptyListElement" classname="za.ac.sun.cs.algos.LinkedListTest" time="0.004"/>
  <testcase name="testFirstNull" classname="za.ac.sun.cs.algos.LinkedListTest" time="0.001">
    <system-out><![CDATA[(null, 1, 2)
]]></system-out>
  </testcase>
  <testcase name="testConcurrentModification" classname="za.ac.sun.cs.algos.LinkedListTest" time="0.003"/>
  <testcase name="testOnlyNullLast" classname="za.ac.sun.cs.algos.LinkedListTest" time="0.002">
    <system-out><![CDATA[(null)
]]></system-out>
  </testcase>
  <testcase name="testNullValueInsertion" classname="za.ac.sun.cs.algos.LinkedListTest" time="0.008">
    <system-out><![CDATA[(null)
]]></system-out>
  </testcase>
  <testcase name="testRemoveElement" classname="za.ac.sun.cs.algos.LinkedListTest" time="0.002">
    <system-out><![CDATA[(1, 3, 4)
]]></system-out>
  </testcase>
  <testcase name="testMultipleNullValueInsertion" classname="za.ac.sun.cs.algos.LinkedListTest" time="0.001">
    <system-out><![CDATA[(null, null, null)
]]></system-out>
  </testcase>
  <testcase name="testToArrayWithMultipleNull" classname="za.ac.sun.cs.algos.LinkedListTest" time="0.003">
    <system-out><![CDATA[[null, null, 1, null, 2, null, 3]
]]></system-out>
  </testcase>
  <testcase name="testNoLast" classname="za.ac.sun.cs.algos.LinkedListTest" time="0.004"/>
  <testcase name="testAddAfterNoSuchElement" classname="za.ac.sun.cs.algos.LinkedListTest" time="0.003"/>
  <testcase name="testNoFirst" classname="za.ac.sun.cs.algos.LinkedListTest" time="0.006"/>
  <testcase name="testAddedNullValueInsertion" classname="za.ac.sun.cs.algos.LinkedListTest" time="0.001">
    <system-out><![CDATA[(1, null, 3, null, 5)
]]></system-out>
  </testcase>
  <testcase name="testRemoveNonExistingElement" classname="za.ac.sun.cs.algos.LinkedListTest" time="0.006"/>
  <testcase name="testContainsInteger" classname="za.ac.sun.cs.algos.LinkedListTest" time="0.004">
    <system-out><![CDATA[(1, 3, 5)
]]></system-out>
  </testcase>
  <testcase name="testStringArrayConstructor" classname="za.ac.sun.cs.algos.LinkedListTest" time="0.003">
    <system-out><![CDATA[(Hello, World, !!!)
]]></system-out>
  </testcase>
  <testcase name="testRemoveFirstNull" classname="za.ac.sun.cs.algos.LinkedListTest" time="0.001">
    <system-out><![CDATA[(11, 22, 33, 44)
]]></system-out>
  </testcase>
  <testcase name="testContainsDouble" classname="za.ac.sun.cs.algos.LinkedListTest" time="0.002">
    <system-out><![CDATA[(12.15, 124.324, 234.5346)
]]></system-out>
  </testcase>
</testsuite>